{"message":"Something failed during startup.","stack":"Error: Something failed during startup.\n    at Object.<anonymous> (/Users/moshfeghhamedani/Desktop/node-course/vidly/index.js:29:7)\n    at Module._compile (module.js:635:30)\n    at Object.Module._extensions..js (module.js:646:10)\n    at Module.load (module.js:554:32)\n    at tryModuleLoad (module.js:497:12)\n    at Function.Module._load (module.js:489:3)\n    at Function.Module.runMain (module.js:676:10)\n    at startup (bootstrap_node.js:187:16)\n    at bootstrap_node.js:608:3","level":"error","timestamp":"2018-02-06T20:32:44.656Z"}
{"message":"Something failed miserably!","stack":"Error: Something failed miserably!\n    at Object.<anonymous> (/Users/moshfeghhamedani/Desktop/node-course/vidly/index.js:34:26)\n    at Module._compile (module.js:635:30)\n    at Object.Module._extensions..js (module.js:646:10)\n    at Module.load (module.js:554:32)\n    at tryModuleLoad (module.js:497:12)\n    at Function.Module._load (module.js:489:3)\n    at Function.Module.runMain (module.js:676:10)\n    at startup (bootstrap_node.js:187:16)\n    at bootstrap_node.js:608:3","level":"error","timestamp":"2018-02-06T20:53:50.001Z"}
{"message":"Could not get the genres.","stack":"Error: Could not get the genres.\n    at router.get (/Users/moshfeghhamedani/Desktop/node-course/vidly/routes/genres.js:9:9)\n    at /Users/moshfeghhamedani/Desktop/node-course/vidly/node_modules/express-async-errors/index.js:17:17\n    at Layer.handle [as handle_request] (/Users/moshfeghhamedani/Desktop/node-course/vidly/node_modules/express/lib/router/layer.js:95:5)\n    at next (/Users/moshfeghhamedani/Desktop/node-course/vidly/node_modules/express/lib/router/route.js:137:13)\n    at Route.dispatch (/Users/moshfeghhamedani/Desktop/node-course/vidly/node_modules/express/lib/router/route.js:112:3)\n    at /Users/moshfeghhamedani/Desktop/node-course/vidly/node_modules/express-async-errors/index.js:17:17\n    at Layer.handle [as handle_request] (/Users/moshfeghhamedani/Desktop/node-course/vidly/node_modules/express/lib/router/layer.js:95:5)\n    at /Users/moshfeghhamedani/Desktop/node-course/vidly/node_modules/express/lib/router/index.js:281:22\n    at Function.process_params (/Users/moshfeghhamedani/Desktop/node-course/vidly/node_modules/express/lib/router/index.js:335:12)\n    at next (/Users/moshfeghhamedani/Desktop/node-course/vidly/node_modules/express/lib/router/index.js:275:10)\n    at Function.handle (/Users/moshfeghhamedani/Desktop/node-course/vidly/node_modules/express/lib/router/index.js:174:3)\n    at router (/Users/moshfeghhamedani/Desktop/node-course/vidly/node_modules/express/lib/router/index.js:47:12)\n    at /Users/moshfeghhamedani/Desktop/node-course/vidly/node_modules/express-async-errors/index.js:17:17\n    at Layer.handle [as handle_request] (/Users/moshfeghhamedani/Desktop/node-course/vidly/node_modules/express/lib/router/layer.js:95:5)\n    at trim_prefix (/Users/moshfeghhamedani/Desktop/node-course/vidly/node_modules/express/lib/router/index.js:317:13)\n    at /Users/moshfeghhamedani/Desktop/node-course/vidly/node_modules/express/lib/router/index.js:284:7","level":"error","timestamp":"2018-02-06T21:21:42.521Z"}
{"message":"Could not get the genres.","stack":"Error: Could not get the genres.\n    at router.get (/Users/moshfeghhamedani/Desktop/node-course/vidly/routes/genres.js:9:9)\n    at /Users/moshfeghhamedani/Desktop/node-course/vidly/node_modules/express-async-errors/index.js:17:17\n    at Layer.handle [as handle_request] (/Users/moshfeghhamedani/Desktop/node-course/vidly/node_modules/express/lib/router/layer.js:95:5)\n    at next (/Users/moshfeghhamedani/Desktop/node-course/vidly/node_modules/express/lib/router/route.js:137:13)\n    at Route.dispatch (/Users/moshfeghhamedani/Desktop/node-course/vidly/node_modules/express/lib/router/route.js:112:3)\n    at /Users/moshfeghhamedani/Desktop/node-course/vidly/node_modules/express-async-errors/index.js:17:17\n    at Layer.handle [as handle_request] (/Users/moshfeghhamedani/Desktop/node-course/vidly/node_modules/express/lib/router/layer.js:95:5)\n    at /Users/moshfeghhamedani/Desktop/node-course/vidly/node_modules/express/lib/router/index.js:281:22\n    at Function.process_params (/Users/moshfeghhamedani/Desktop/node-course/vidly/node_modules/express/lib/router/index.js:335:12)\n    at next (/Users/moshfeghhamedani/Desktop/node-course/vidly/node_modules/express/lib/router/index.js:275:10)\n    at Function.handle (/Users/moshfeghhamedani/Desktop/node-course/vidly/node_modules/express/lib/router/index.js:174:3)\n    at router (/Users/moshfeghhamedani/Desktop/node-course/vidly/node_modules/express/lib/router/index.js:47:12)\n    at /Users/moshfeghhamedani/Desktop/node-course/vidly/node_modules/express-async-errors/index.js:17:17\n    at Layer.handle [as handle_request] (/Users/moshfeghhamedani/Desktop/node-course/vidly/node_modules/express/lib/router/layer.js:95:5)\n    at trim_prefix (/Users/moshfeghhamedani/Desktop/node-course/vidly/node_modules/express/lib/router/index.js:317:13)\n    at /Users/moshfeghhamedani/Desktop/node-course/vidly/node_modules/express/lib/router/index.js:284:7","level":"error","timestamp":"2018-02-06T21:21:43.301Z"}
{"message":"Could not get the genres.","stack":"Error: Could not get the genres.\n    at router.get (/Users/moshfeghhamedani/Desktop/node-course/vidly/routes/genres.js:9:9)\n    at /Users/moshfeghhamedani/Desktop/node-course/vidly/node_modules/express-async-errors/index.js:17:17\n    at Layer.handle [as handle_request] (/Users/moshfeghhamedani/Desktop/node-course/vidly/node_modules/express/lib/router/layer.js:95:5)\n    at next (/Users/moshfeghhamedani/Desktop/node-course/vidly/node_modules/express/lib/router/route.js:137:13)\n    at Route.dispatch (/Users/moshfeghhamedani/Desktop/node-course/vidly/node_modules/express/lib/router/route.js:112:3)\n    at /Users/moshfeghhamedani/Desktop/node-course/vidly/node_modules/express-async-errors/index.js:17:17\n    at Layer.handle [as handle_request] (/Users/moshfeghhamedani/Desktop/node-course/vidly/node_modules/express/lib/router/layer.js:95:5)\n    at /Users/moshfeghhamedani/Desktop/node-course/vidly/node_modules/express/lib/router/index.js:281:22\n    at Function.process_params (/Users/moshfeghhamedani/Desktop/node-course/vidly/node_modules/express/lib/router/index.js:335:12)\n    at next (/Users/moshfeghhamedani/Desktop/node-course/vidly/node_modules/express/lib/router/index.js:275:10)\n    at Function.handle (/Users/moshfeghhamedani/Desktop/node-course/vidly/node_modules/express/lib/router/index.js:174:3)\n    at router (/Users/moshfeghhamedani/Desktop/node-course/vidly/node_modules/express/lib/router/index.js:47:12)\n    at /Users/moshfeghhamedani/Desktop/node-course/vidly/node_modules/express-async-errors/index.js:17:17\n    at Layer.handle [as handle_request] (/Users/moshfeghhamedani/Desktop/node-course/vidly/node_modules/express/lib/router/layer.js:95:5)\n    at trim_prefix (/Users/moshfeghhamedani/Desktop/node-course/vidly/node_modules/express/lib/router/index.js:317:13)\n    at /Users/moshfeghhamedani/Desktop/node-course/vidly/node_modules/express/lib/router/index.js:284:7","level":"error","timestamp":"2018-02-06T21:21:52.096Z"}
{"message":"Could not get the genres.","stack":"Error: Could not get the genres.\n    at router.get (/Users/moshfeghhamedani/Desktop/node-course/vidly/routes/genres.js:9:9)\n    at /Users/moshfeghhamedani/Desktop/node-course/vidly/node_modules/express-async-errors/index.js:17:17\n    at Layer.handle [as handle_request] (/Users/moshfeghhamedani/Desktop/node-course/vidly/node_modules/express/lib/router/layer.js:95:5)\n    at next (/Users/moshfeghhamedani/Desktop/node-course/vidly/node_modules/express/lib/router/route.js:137:13)\n    at Route.dispatch (/Users/moshfeghhamedani/Desktop/node-course/vidly/node_modules/express/lib/router/route.js:112:3)\n    at /Users/moshfeghhamedani/Desktop/node-course/vidly/node_modules/express-async-errors/index.js:17:17\n    at Layer.handle [as handle_request] (/Users/moshfeghhamedani/Desktop/node-course/vidly/node_modules/express/lib/router/layer.js:95:5)\n    at /Users/moshfeghhamedani/Desktop/node-course/vidly/node_modules/express/lib/router/index.js:281:22\n    at Function.process_params (/Users/moshfeghhamedani/Desktop/node-course/vidly/node_modules/express/lib/router/index.js:335:12)\n    at next (/Users/moshfeghhamedani/Desktop/node-course/vidly/node_modules/express/lib/router/index.js:275:10)\n    at Function.handle (/Users/moshfeghhamedani/Desktop/node-course/vidly/node_modules/express/lib/router/index.js:174:3)\n    at router (/Users/moshfeghhamedani/Desktop/node-course/vidly/node_modules/express/lib/router/index.js:47:12)\n    at /Users/moshfeghhamedani/Desktop/node-course/vidly/node_modules/express-async-errors/index.js:17:17\n    at Layer.handle [as handle_request] (/Users/moshfeghhamedani/Desktop/node-course/vidly/node_modules/express/lib/router/layer.js:95:5)\n    at trim_prefix (/Users/moshfeghhamedani/Desktop/node-course/vidly/node_modules/express/lib/router/index.js:317:13)\n    at /Users/moshfeghhamedani/Desktop/node-course/vidly/node_modules/express/lib/router/index.js:284:7","level":"error","timestamp":"2018-02-06T21:21:53.806Z"}
{"level":"info","message":"Connected to MongoDB...","timestamp":"2018-02-06T21:34:26.743Z"}
{"level":"info","message":"Connected to MongoDB...","timestamp":"2018-02-06T21:39:24.124Z"}
{"level":"info","message":"Listening on port 3000...","timestamp":"2018-02-13T19:46:38.839Z"}
{"level":"info","message":"Connected to MongoDB...","timestamp":"2018-02-13T19:46:38.861Z"}
{"level":"info","message":"Listening on port 3000...","timestamp":"2018-02-13T20:02:31.852Z"}
{"level":"info","message":"Connected to mongodb://localhost/vidly...","timestamp":"2018-02-13T20:02:31.873Z"}
{"level":"info","message":"Listening on port 3000...","timestamp":"2018-02-13T20:03:10.196Z"}
{"level":"info","message":"Connected to mongodb://localhost/vidly_tests...","timestamp":"2018-02-13T20:03:10.216Z"}
{"level":"info","message":"Connected to mongodb://localhost/vidly_tests...","timestamp":"2018-02-13T20:27:25.716Z"}
{"level":"info","message":"Listening on port 3000...","timestamp":"2018-02-13T20:30:04.955Z"}
{"level":"info","message":"Connected to mongodb://localhost/vidly_tests...","timestamp":"2018-02-13T20:30:04.977Z"}
{"level":"info","message":"Listening on port 3000...","timestamp":"2018-02-13T20:30:12.297Z"}
{"level":"info","message":"Connected to mongodb://localhost/vidly_tests...","timestamp":"2018-02-13T20:30:12.356Z"}
{"level":"info","message":"Listening on port 3000...","timestamp":"2018-02-13T20:50:37.433Z"}
{"level":"info","message":"Connected to mongodb://localhost/vidly_tests...","timestamp":"2018-02-13T20:50:37.450Z"}
{"level":"info","message":"Listening on port 3000...","timestamp":"2018-02-13T20:55:18.295Z"}
{"level":"info","message":"Connected to mongodb://localhost/vidly_tests...","timestamp":"2018-02-13T20:55:18.310Z"}
{"level":"info","message":"Listening on port 3000...","timestamp":"2018-02-13T20:57:48.592Z"}
{"level":"info","message":"Connected to mongodb://localhost/vidly_tests...","timestamp":"2018-02-13T20:57:48.597Z"}
{"level":"info","message":"Listening on port 3000...","timestamp":"2018-02-13T20:58:08.617Z"}
{"level":"info","message":"Connected to mongodb://localhost/vidly_tests...","timestamp":"2018-02-13T20:58:08.623Z"}
{"level":"info","message":"Listening on port 3000...","timestamp":"2018-02-13T21:01:29.080Z"}
{"level":"info","message":"Connected to mongodb://localhost/vidly_tests...","timestamp":"2018-02-13T21:01:29.085Z"}
{"level":"info","message":"Listening on port 3000...","timestamp":"2018-02-13T21:01:46.915Z"}
{"level":"info","message":"Connected to mongodb://localhost/vidly_tests...","timestamp":"2018-02-13T21:01:46.921Z"}
{"level":"info","message":"Listening on port 3000...","timestamp":"2018-02-13T21:04:39.262Z"}
{"level":"info","message":"Connected to mongodb://localhost/vidly_tests...","timestamp":"2018-02-13T21:04:39.267Z"}
{"level":"info","message":"Listening on port 3000...","timestamp":"2018-02-13T21:08:51.311Z"}
{"level":"info","message":"Connected to mongodb://localhost/vidly_tests...","timestamp":"2018-02-13T21:08:51.317Z"}
{"level":"info","message":"Listening on port 3000...","timestamp":"2018-02-13T21:11:41.903Z"}
{"level":"info","message":"Connected to mongodb://localhost/vidly_tests...","timestamp":"2018-02-13T21:11:41.913Z"}
{"level":"info","message":"Listening on port 3000...","timestamp":"2018-02-13T21:15:14.584Z"}
{"level":"info","message":"Connected to mongodb://localhost/vidly_tests...","timestamp":"2018-02-13T21:15:14.588Z"}
{"level":"info","message":"Listening on port 3000...","timestamp":"2018-02-13T21:15:27.986Z"}
{"level":"info","message":"Connected to mongodb://localhost/vidly_tests...","timestamp":"2018-02-13T21:15:28.051Z"}
{"level":"info","message":"Listening on port 3000...","timestamp":"2018-02-13T21:17:59.584Z"}
{"level":"info","message":"Connected to mongodb://localhost/vidly_tests...","timestamp":"2018-02-13T21:17:59.592Z"}
{"level":"info","message":"Listening on port 3000...","timestamp":"2018-02-13T21:18:09.265Z"}
{"level":"info","message":"Connected to mongodb://localhost/vidly_tests...","timestamp":"2018-02-13T21:18:09.269Z"}
{"level":"info","message":"Listening on port 3000...","timestamp":"2018-02-13T21:20:18.021Z"}
{"level":"info","message":"Connected to mongodb://localhost/vidly_tests...","timestamp":"2018-02-13T21:20:18.026Z"}
{"level":"info","message":"Listening on port 3000...","timestamp":"2018-02-13T21:22:17.529Z"}
{"level":"info","message":"Connected to mongodb://localhost/vidly_tests...","timestamp":"2018-02-13T21:22:17.534Z"}
{"level":"info","message":"Listening on port 3000...","timestamp":"2018-02-13T22:15:14.480Z"}
{"level":"info","message":"Connected to mongodb://localhost/vidly_tests...","timestamp":"2018-02-13T22:15:14.614Z"}
{"level":"info","message":"Listening on port 3000...","timestamp":"2018-02-13T22:15:24.614Z"}
{"level":"info","message":"Connected to mongodb://localhost/vidly_tests...","timestamp":"2018-02-13T22:15:24.740Z"}
{"level":"info","message":"Listening on port 3000...","timestamp":"2018-02-13T22:22:34.000Z"}
{"level":"info","message":"Connected to mongodb://localhost/vidly_tests...","timestamp":"2018-02-13T22:22:34.003Z"}
{"level":"info","message":"Listening on port 3000...","timestamp":"2018-02-13T22:28:51.373Z"}
{"level":"info","message":"Connected to mongodb://localhost/vidly_tests...","timestamp":"2018-02-13T22:28:51.378Z"}
{"level":"info","message":"Listening on port 3000...","timestamp":"2018-02-13T22:30:02.471Z"}
{"level":"info","message":"Connected to mongodb://localhost/vidly_tests...","timestamp":"2018-02-13T22:30:02.539Z"}
{"level":"info","message":"Listening on port 3000...","timestamp":"2018-02-13T22:31:10.953Z"}
{"level":"info","message":"Connected to mongodb://localhost/vidly_tests...","timestamp":"2018-02-13T22:31:11.014Z"}
{"level":"info","message":"Listening on port 3000...","timestamp":"2018-02-13T22:32:52.901Z"}
{"level":"info","message":"Connected to mongodb://localhost/vidly_tests...","timestamp":"2018-02-13T22:32:52.972Z"}
{"level":"info","message":"Listening on port 3000...","timestamp":"2018-02-13T22:38:34.984Z"}
{"level":"info","message":"Connected to mongodb://localhost/vidly_tests...","timestamp":"2018-02-13T22:38:34.989Z"}
{"message":"Cast to ObjectId failed for value \"1\" at path \"_id\" for model \"Genre\"","stack":"CastError: Cast to ObjectId failed for value \"1\" at path \"_id\" for model \"Genre\"\n    at new CastError (/Users/moshfeghhamedani/Desktop/node-course/vidly/node_modules/mongoose/lib/error/cast.js:27:11)\n    at ObjectId.Object.<anonymous>.ObjectId.cast (/Users/moshfeghhamedani/Desktop/node-course/vidly/node_modules/mongoose/lib/schema/objectid.js:158:13)\n    at ObjectId.Object.<anonymous>.SchemaType.applySetters (/Users/moshfeghhamedani/Desktop/node-course/vidly/node_modules/mongoose/lib/schematype.js:701:12)\n    at ObjectId.Object.<anonymous>.SchemaType._castForQuery (/Users/moshfeghhamedani/Desktop/node-course/vidly/node_modules/mongoose/lib/schematype.js:1072:15)\n    at ObjectId.Object.<anonymous>.ObjectId.castForQuery (/Users/moshfeghhamedani/Desktop/node-course/vidly/node_modules/mongoose/lib/schema/objectid.js:198:15)\n    at ObjectId.Object.<anonymous>.SchemaType.castForQueryWrapper (/Users/moshfeghhamedani/Desktop/node-course/vidly/node_modules/mongoose/lib/schematype.js:1041:15)\n    at cast (/Users/moshfeghhamedani/Desktop/node-course/vidly/node_modules/mongoose/lib/cast.js:269:32)\n    at model.Query.Object.<anonymous>.Query.cast (/Users/moshfeghhamedani/Desktop/node-course/vidly/node_modules/mongoose/lib/query.js:3133:12)\n    at model.Query.Object.<anonymous>.Query._castConditions (/Users/moshfeghhamedani/Desktop/node-course/vidly/node_modules/mongoose/lib/query.js:1269:10)\n    at model.Query.Object.<anonymous>.Query._findOne (/Users/moshfeghhamedani/Desktop/node-course/vidly/node_modules/mongoose/lib/query.js:1485:8)\n    at /Users/moshfeghhamedani/Desktop/node-course/vidly/node_modules/kareem/index.js:276:8\n    at /Users/moshfeghhamedani/Desktop/node-course/vidly/node_modules/kareem/index.js:23:7\n    at _combinedTickCallback (internal/process/next_tick.js:131:7)\n    at process._tickCallback (internal/process/next_tick.js:180:9)","name":"CastError","stringValue":"\"1\"","kind":"ObjectId","value":"1","path":"_id","level":"error","timestamp":"2018-02-13T22:38:35.007Z"}
{"level":"info","message":"Listening on port 3000...","timestamp":"2018-02-13T22:41:31.495Z"}
{"level":"info","message":"Connected to mongodb://localhost/vidly_tests...","timestamp":"2018-02-13T22:41:31.500Z"}
{"level":"error","timestamp":"2018-02-13T22:41:31.519Z"}
{"level":"info","message":"Listening on port 3000...","timestamp":"2018-02-13T22:42:08.746Z"}
{"level":"info","message":"Connected to mongodb://localhost/vidly_tests...","timestamp":"2018-02-13T22:42:08.811Z"}
{"level":"info","message":"Listening on port 3000...","timestamp":"2018-02-13T22:42:43.824Z"}
{"level":"info","message":"Connected to mongodb://localhost/vidly_tests...","timestamp":"2018-02-13T22:42:43.898Z"}
{"level":"info","message":"Listening on port 3000...","timestamp":"2018-02-13T22:48:49.381Z"}
{"level":"info","message":"Connected to mongodb://localhost/vidly_tests...","timestamp":"2018-02-13T22:48:49.388Z"}
{"level":"info","message":"Listening on port 3000...","timestamp":"2018-02-13T22:49:48.617Z"}
{"level":"info","message":"Connected to mongodb://localhost/vidly_tests...","timestamp":"2018-02-13T22:49:48.624Z"}
{"level":"info","message":"Listening on port 3000...","timestamp":"2018-02-13T22:50:06.896Z"}
{"level":"info","message":"Connected to mongodb://localhost/vidly_tests...","timestamp":"2018-02-13T22:50:06.900Z"}
{"message":"Cast to ObjectId failed for value \"1\" at path \"_id\" for model \"Genre\"","stack":"CastError: Cast to ObjectId failed for value \"1\" at path \"_id\" for model \"Genre\"\n    at new CastError (/Users/moshfeghhamedani/Desktop/node-course/vidly/node_modules/mongoose/lib/error/cast.js:27:11)\n    at ObjectId.Object.<anonymous>.ObjectId.cast (/Users/moshfeghhamedani/Desktop/node-course/vidly/node_modules/mongoose/lib/schema/objectid.js:158:13)\n    at ObjectId.Object.<anonymous>.SchemaType.applySetters (/Users/moshfeghhamedani/Desktop/node-course/vidly/node_modules/mongoose/lib/schematype.js:701:12)\n    at ObjectId.Object.<anonymous>.SchemaType._castForQuery (/Users/moshfeghhamedani/Desktop/node-course/vidly/node_modules/mongoose/lib/schematype.js:1072:15)\n    at ObjectId.Object.<anonymous>.ObjectId.castForQuery (/Users/moshfeghhamedani/Desktop/node-course/vidly/node_modules/mongoose/lib/schema/objectid.js:198:15)\n    at ObjectId.Object.<anonymous>.SchemaType.castForQueryWrapper (/Users/moshfeghhamedani/Desktop/node-course/vidly/node_modules/mongoose/lib/schematype.js:1041:15)\n    at cast (/Users/moshfeghhamedani/Desktop/node-course/vidly/node_modules/mongoose/lib/cast.js:269:32)\n    at model.Query.Object.<anonymous>.Query.cast (/Users/moshfeghhamedani/Desktop/node-course/vidly/node_modules/mongoose/lib/query.js:3133:12)\n    at model.Query.Object.<anonymous>.Query._castConditions (/Users/moshfeghhamedani/Desktop/node-course/vidly/node_modules/mongoose/lib/query.js:1269:10)\n    at model.Query.Object.<anonymous>.Query._findOne (/Users/moshfeghhamedani/Desktop/node-course/vidly/node_modules/mongoose/lib/query.js:1485:8)\n    at /Users/moshfeghhamedani/Desktop/node-course/vidly/node_modules/kareem/index.js:276:8\n    at /Users/moshfeghhamedani/Desktop/node-course/vidly/node_modules/kareem/index.js:23:7\n    at _combinedTickCallback (internal/process/next_tick.js:131:7)\n    at process._tickCallback (internal/process/next_tick.js:180:9)","name":"CastError","stringValue":"\"1\"","kind":"ObjectId","value":"1","path":"_id","level":"error","timestamp":"2018-02-13T22:50:07.017Z"}
{"level":"info","message":"Listening on port 3000...","timestamp":"2018-02-13T22:51:15.433Z"}
{"level":"info","message":"Connected to mongodb://localhost/vidly_tests...","timestamp":"2018-02-13T22:51:15.439Z"}
{"level":"info","message":"Listening on port 3000...","timestamp":"2018-02-14T17:22:20.952Z"}
{"level":"info","message":"Connected to mongodb://localhost/vidly_tests...","timestamp":"2018-02-14T17:22:21.029Z"}
{"level":"info","message":"Listening on port 3000...","timestamp":"2018-02-14T17:28:10.502Z"}
{"level":"info","message":"Connected to mongodb://localhost/vidly_tests...","timestamp":"2018-02-14T17:28:10.583Z"}
{"level":"info","message":"Listening on port 3000...","timestamp":"2018-02-14T17:31:03.528Z"}
{"level":"info","message":"Connected to mongodb://localhost/vidly_tests...","timestamp":"2018-02-14T17:31:03.591Z"}
{"message":"Genre validation failed: name: Path `name` (`1234`) is shorter than the minimum allowed length (5).","errors":{"name":{"message":"Path `name` (`1234`) is shorter than the minimum allowed length (5).","name":"ValidatorError","properties":{"message":"Path `{PATH}` (`{VALUE}`) is shorter than the minimum allowed length (5).","type":"minlength","minlength":5,"path":"name","value":"1234"},"kind":"minlength","path":"name","value":"1234","$isValidatorError":true}},"_message":"Genre validation failed","stack":"ValidationError: name: Path `name` (`1234`) is shorter than the minimum allowed length (5).\n    at new ValidationError (/Users/moshfeghhamedani/Desktop/node-course/vidly/node_modules/mongoose/lib/error/validation.js:27:11)\n    at model.Object.<anonymous>.Document.invalidate (/Users/moshfeghhamedani/Desktop/node-course/vidly/node_modules/mongoose/lib/document.js:1656:32)\n    at /Users/moshfeghhamedani/Desktop/node-course/vidly/node_modules/mongoose/lib/document.js:1528:17\n    at Immediate._onImmediate (/Users/moshfeghhamedani/Desktop/node-course/vidly/node_modules/mongoose/lib/schematype.js:785:9)\n    at runCallback (timers.js:789:20)\n    at tryOnImmediate (timers.js:751:5)\n    at processImmediate [as _immediateCallback] (timers.js:722:5)","name":"ValidationError","level":"error","timestamp":"2018-02-14T17:31:03.618Z"}
{"level":"info","message":"Listening on port 3000...","timestamp":"2018-02-14T17:33:25.843Z"}
{"level":"info","message":"Connected to mongodb://localhost/vidly_tests...","timestamp":"2018-02-14T17:33:25.905Z"}
{"level":"info","message":"Listening on port 3000...","timestamp":"2018-02-14T17:38:31.430Z"}
{"level":"info","message":"Connected to mongodb://localhost/vidly_tests...","timestamp":"2018-02-14T17:38:31.487Z"}
{"level":"info","message":"Listening on port 3000...","timestamp":"2018-02-14T17:42:06.227Z"}
{"level":"info","message":"Connected to mongodb://localhost/vidly_tests...","timestamp":"2018-02-14T17:42:06.294Z"}
{"message":"Genre validation failed: name: Path `name` (`aaaaaaaaaaaaaaaaaaaaaaaaaaaaaaaaaaaaaaaaaaaaaaaaaaa`) is longer than the maximum allowed length (50).","errors":{"name":{"message":"Path `name` (`aaaaaaaaaaaaaaaaaaaaaaaaaaaaaaaaaaaaaaaaaaaaaaaaaaa`) is longer than the maximum allowed length (50).","name":"ValidatorError","properties":{"message":"Path `{PATH}` (`{VALUE}`) is longer than the maximum allowed length (50).","type":"maxlength","maxlength":50,"path":"name","value":"aaaaaaaaaaaaaaaaaaaaaaaaaaaaaaaaaaaaaaaaaaaaaaaaaaa"},"kind":"maxlength","path":"name","value":"aaaaaaaaaaaaaaaaaaaaaaaaaaaaaaaaaaaaaaaaaaaaaaaaaaa","$isValidatorError":true}},"_message":"Genre validation failed","stack":"ValidationError: name: Path `name` (`aaaaaaaaaaaaaaaaaaaaaaaaaaaaaaaaaaaaaaaaaaaaaaaaaaa`) is longer than the maximum allowed length (50).\n    at new ValidationError (/Users/moshfeghhamedani/Desktop/node-course/vidly/node_modules/mongoose/lib/error/validation.js:27:11)\n    at model.Object.<anonymous>.Document.invalidate (/Users/moshfeghhamedani/Desktop/node-course/vidly/node_modules/mongoose/lib/document.js:1656:32)\n    at /Users/moshfeghhamedani/Desktop/node-course/vidly/node_modules/mongoose/lib/document.js:1528:17\n    at Immediate._onImmediate (/Users/moshfeghhamedani/Desktop/node-course/vidly/node_modules/mongoose/lib/schematype.js:785:9)\n    at runCallback (timers.js:789:20)\n    at tryOnImmediate (timers.js:751:5)\n    at processImmediate [as _immediateCallback] (timers.js:722:5)","name":"ValidationError","level":"error","timestamp":"2018-02-14T17:42:06.358Z"}
{"level":"info","message":"Listening on port 3000...","timestamp":"2018-02-14T17:42:53.311Z"}
{"level":"info","message":"Connected to mongodb://localhost/vidly_tests...","timestamp":"2018-02-14T17:42:53.316Z"}
{"level":"info","message":"Listening on port 3000...","timestamp":"2018-02-14T17:45:14.385Z"}
{"level":"info","message":"Connected to mongodb://localhost/vidly_tests...","timestamp":"2018-02-14T17:45:14.390Z"}
{"level":"info","message":"Listening on port 3000...","timestamp":"2018-02-14T17:46:33.000Z"}
{"level":"info","message":"Connected to mongodb://localhost/vidly_tests...","timestamp":"2018-02-14T17:46:33.005Z"}
{"level":"info","message":"Listening on port 3000...","timestamp":"2018-02-14T18:00:20.704Z"}
{"level":"info","message":"Connected to mongodb://localhost/vidly_tests...","timestamp":"2018-02-14T18:00:20.708Z"}
{"level":"info","message":"Listening on port 3000...","timestamp":"2018-02-14T18:05:29.238Z"}
{"level":"info","message":"Connected to mongodb://localhost/vidly_tests...","timestamp":"2018-02-14T18:05:29.245Z"}
{"level":"info","message":"Listening on port 3000...","timestamp":"2018-02-14T18:12:37.370Z"}
{"level":"info","message":"Connected to mongodb://localhost/vidly_tests...","timestamp":"2018-02-14T18:12:37.422Z"}
{"level":"info","message":"Listening on port 3000...","timestamp":"2018-02-14T18:33:38.432Z"}
{"level":"info","message":"Connected to mongodb://localhost/vidly_tests...","timestamp":"2018-02-14T18:33:38.435Z"}
{"level":"info","message":"Listening on port 3000...","timestamp":"2018-02-14T18:38:42.257Z"}
{"level":"info","message":"Connected to mongodb://localhost/vidly_tests...","timestamp":"2018-02-14T18:38:42.262Z"}
{"level":"info","message":"Listening on port 3000...","timestamp":"2018-02-14T18:40:30.650Z"}
{"level":"info","message":"Connected to mongodb://localhost/vidly_tests...","timestamp":"2018-02-14T18:40:30.719Z"}
{"level":"info","message":"Connected to mongodb://localhost/vidly_tests...","timestamp":"2018-02-14T18:40:31.020Z"}
{"level":"info","message":"Listening on port 3000...","timestamp":"2018-02-14T18:44:44.788Z"}
{"level":"info","message":"Connected to mongodb://localhost/vidly_tests...","timestamp":"2018-02-14T18:44:44.856Z"}
{"level":"info","message":"Listening on port 3000...","timestamp":"2018-02-14T18:44:57.875Z"}
{"level":"info","message":"Connected to mongodb://localhost/vidly_tests...","timestamp":"2018-02-14T18:44:57.949Z"}
{"level":"info","message":"Listening on port 3000...","timestamp":"2018-02-14T18:44:58.243Z"}
{"level":"info","message":"Connected to mongodb://localhost/vidly_tests...","timestamp":"2018-02-14T18:44:58.326Z"}
{"level":"info","message":"Listening on port 3000...","timestamp":"2018-02-14T18:45:17.580Z"}
{"level":"info","message":"Connected to mongodb://localhost/vidly_tests...","timestamp":"2018-02-14T18:45:17.667Z"}
{"level":"info","message":"Listening on port 3000...","timestamp":"2018-02-14T18:45:17.876Z"}
{"level":"info","message":"Connected to mongodb://localhost/vidly_tests...","timestamp":"2018-02-14T18:45:18.077Z"}
{"level":"info","message":"Listening on port 3000...","timestamp":"2018-02-14T18:46:24.885Z"}
{"level":"info","message":"Listening on port 3000...","timestamp":"2018-02-14T18:46:25.022Z"}
{"level":"info","message":"Connected to mongodb://localhost/vidly_tests...","timestamp":"2018-02-14T18:46:25.026Z"}
{"level":"info","message":"Connected to mongodb://localhost/vidly_tests...","timestamp":"2018-02-14T18:46:25.029Z"}
{"level":"info","message":"Listening on port 3000...","timestamp":"2018-02-14T18:47:10.061Z"}
{"level":"info","message":"Connected to mongodb://localhost/vidly_tests...","timestamp":"2018-02-14T18:47:10.071Z"}
{"level":"info","message":"Listening on port 3000...","timestamp":"2018-02-14T18:47:10.216Z"}
{"level":"info","message":"Connected to mongodb://localhost/vidly_tests...","timestamp":"2018-02-14T18:47:10.220Z"}
{"level":"info","message":"Listening on port 3000...","timestamp":"2018-02-14T18:47:52.517Z"}
{"level":"info","message":"Connected to mongodb://localhost/vidly_tests...","timestamp":"2018-02-14T18:47:52.637Z"}
{"level":"info","message":"Listening on port 3000...","timestamp":"2018-02-14T18:47:52.776Z"}
{"level":"info","message":"Connected to mongodb://localhost/vidly_tests...","timestamp":"2018-02-14T18:47:52.780Z"}
{"level":"info","message":"Listening on port 3000...","timestamp":"2018-02-14T18:49:21.585Z"}
{"level":"info","message":"Connected to mongodb://localhost/vidly_tests...","timestamp":"2018-02-14T18:49:21.590Z"}
{"level":"info","message":"Listening on port 3000...","timestamp":"2018-02-14T18:49:21.814Z"}
{"level":"info","message":"Connected to mongodb://localhost/vidly_tests...","timestamp":"2018-02-14T18:49:21.821Z"}
{"level":"info","message":"Listening on port 3000...","timestamp":"2018-02-14T18:57:41.031Z"}
{"level":"info","message":"Connected to mongodb://localhost/vidly_tests...","timestamp":"2018-02-14T18:57:41.036Z"}
{"level":"info","message":"Listening on port 3000...","timestamp":"2018-02-14T18:57:41.196Z"}
{"level":"info","message":"Connected to mongodb://localhost/vidly_tests...","timestamp":"2018-02-14T18:57:41.202Z"}
{"level":"info","message":"Listening on port 3000...","timestamp":"2018-02-14T19:02:21.299Z"}
{"level":"info","message":"Connected to mongodb://localhost/vidly_tests...","timestamp":"2018-02-14T19:02:21.303Z"}
{"level":"info","message":"Listening on port 3000...","timestamp":"2018-02-14T19:02:21.518Z"}
{"level":"info","message":"Connected to mongodb://localhost/vidly_tests...","timestamp":"2018-02-14T19:02:21.524Z"}
{"level":"info","message":"Listening on port 3000...","timestamp":"2018-02-14T19:04:09.454Z"}
{"level":"info","message":"Connected to mongodb://localhost/vidly_tests...","timestamp":"2018-02-14T19:04:09.459Z"}
{"level":"info","message":"Listening on port 3000...","timestamp":"2018-02-14T19:04:09.622Z"}
{"level":"info","message":"Connected to mongodb://localhost/vidly_tests...","timestamp":"2018-02-14T19:04:09.628Z"}
{"level":"info","message":"Listening on port 3000...","timestamp":"2018-02-14T19:05:09.631Z"}
{"level":"info","message":"Connected to mongodb://localhost/vidly_tests...","timestamp":"2018-02-14T19:05:09.637Z"}
{"level":"info","message":"Listening on port 3000...","timestamp":"2018-02-14T19:05:09.801Z"}
{"level":"info","message":"Connected to mongodb://localhost/vidly_tests...","timestamp":"2018-02-14T19:05:09.886Z"}
{"level":"info","message":"Listening on port 3000...","timestamp":"2018-02-14T19:18:37.168Z"}
{"level":"info","message":"Connected to mongodb://localhost/vidly_tests...","timestamp":"2018-02-14T19:18:37.196Z"}
{"level":"info","message":"Listening on port 3000...","timestamp":"2018-02-14T19:18:37.446Z"}
{"level":"info","message":"Connected to mongodb://localhost/vidly_tests...","timestamp":"2018-02-14T19:18:37.501Z"}
{"level":"info","message":"Listening on port 3000...","timestamp":"2018-02-14T19:20:25.615Z"}
{"level":"info","message":"Connected to mongodb://localhost/vidly_tests...","timestamp":"2018-02-14T19:20:25.620Z"}
{"level":"info","message":"Listening on port 3000...","timestamp":"2018-02-14T19:20:25.916Z"}
{"level":"info","message":"Connected to mongodb://localhost/vidly_tests...","timestamp":"2018-02-14T19:20:25.945Z"}
{"level":"info","message":"Listening on port 3000...","timestamp":"2018-02-14T19:20:35.983Z"}
{"level":"info","message":"Connected to mongodb://localhost/vidly_tests...","timestamp":"2018-02-14T19:20:36.012Z"}
{"level":"info","message":"Listening on port 3000...","timestamp":"2018-02-14T19:20:36.279Z"}
{"level":"info","message":"Connected to mongodb://localhost/vidly_tests...","timestamp":"2018-02-14T19:20:36.335Z"}
{"level":"info","message":"Listening on port 3000...","timestamp":"2018-02-14T19:36:04.887Z"}
{"level":"info","message":"Connected to mongodb://localhost/vidly_tests...","timestamp":"2018-02-14T19:36:04.892Z"}
{"level":"info","message":"Listening on port 3000...","timestamp":"2018-02-14T19:36:05.094Z"}
{"level":"info","message":"Connected to mongodb://localhost/vidly_tests...","timestamp":"2018-02-14T19:36:05.147Z"}
{"level":"info","message":"Listening on port 3000...","timestamp":"2018-02-14T19:48:34.498Z"}
{"level":"info","message":"Connected to mongodb://localhost/vidly_tests...","timestamp":"2018-02-14T19:48:34.503Z"}
{"level":"info","message":"Listening on port 3000...","timestamp":"2018-02-14T19:48:34.702Z"}
{"level":"info","message":"Connected to mongodb://localhost/vidly_tests...","timestamp":"2018-02-14T19:48:34.767Z"}
{"level":"info","message":"Listening on port 3000...","timestamp":"2018-02-14T19:49:57.931Z"}
{"level":"info","message":"Connected to mongodb://localhost/vidly_tests...","timestamp":"2018-02-14T19:49:57.936Z"}
{"level":"info","message":"Listening on port 3000...","timestamp":"2018-02-14T19:49:58.154Z"}
{"level":"info","message":"Connected to mongodb://localhost/vidly_tests...","timestamp":"2018-02-14T19:49:58.220Z"}
{"level":"info","message":"Listening on port 3000...","timestamp":"2018-02-14T19:50:06.267Z"}
{"level":"info","message":"Connected to mongodb://localhost/vidly_tests...","timestamp":"2018-02-14T19:50:06.272Z"}
{"level":"info","message":"Listening on port 3000...","timestamp":"2018-02-14T19:50:06.468Z"}
{"level":"info","message":"Connected to mongodb://localhost/vidly_tests...","timestamp":"2018-02-14T19:50:06.475Z"}
{"level":"info","message":"Listening on port 3000...","timestamp":"2018-02-14T19:50:13.734Z"}
{"level":"info","message":"Connected to mongodb://localhost/vidly_tests...","timestamp":"2018-02-14T19:50:13.739Z"}
{"level":"info","message":"Listening on port 3000...","timestamp":"2018-02-14T19:50:13.952Z"}
{"level":"info","message":"Connected to mongodb://localhost/vidly_tests...","timestamp":"2018-02-14T19:50:13.958Z"}
{"level":"info","message":"Listening on port 3000...","timestamp":"2018-02-14T19:51:17.730Z"}
{"level":"info","message":"Connected to mongodb://localhost/vidly_tests...","timestamp":"2018-02-14T19:51:17.735Z"}
{"level":"info","message":"Listening on port 3000...","timestamp":"2018-02-14T19:51:17.943Z"}
{"level":"info","message":"Connected to mongodb://localhost/vidly_tests...","timestamp":"2018-02-14T19:51:17.949Z"}
{"level":"info","message":"Listening on port 3000...","timestamp":"2018-02-14T19:51:37.064Z"}
{"level":"info","message":"Connected to mongodb://localhost/vidly_tests...","timestamp":"2018-02-14T19:51:37.069Z"}
{"level":"info","message":"Listening on port 3000...","timestamp":"2018-02-14T19:51:37.273Z"}
{"level":"info","message":"Connected to mongodb://localhost/vidly_tests...","timestamp":"2018-02-14T19:51:37.279Z"}
{"level":"info","message":"Listening on port 3000...","timestamp":"2018-02-14T19:52:11.237Z"}
{"level":"info","message":"Connected to mongodb://localhost/vidly_tests...","timestamp":"2018-02-14T19:52:11.241Z"}
{"level":"info","message":"Listening on port 3000...","timestamp":"2018-02-14T19:52:11.450Z"}
{"level":"info","message":"Connected to mongodb://localhost/vidly_tests...","timestamp":"2018-02-14T19:52:11.457Z"}
{"level":"info","message":"Listening on port 3000...","timestamp":"2018-02-14T19:52:20.439Z"}
{"level":"info","message":"Connected to mongodb://localhost/vidly_tests...","timestamp":"2018-02-14T19:52:20.443Z"}
{"level":"info","message":"Listening on port 3000...","timestamp":"2018-02-14T19:52:20.782Z"}
{"level":"info","message":"Connected to mongodb://localhost/vidly_tests...","timestamp":"2018-02-14T19:52:20.799Z"}
{"level":"info","message":"Listening on port 3000...","timestamp":"2018-02-14T19:52:26.093Z"}
{"level":"info","message":"Connected to mongodb://localhost/vidly_tests...","timestamp":"2018-02-14T19:52:26.117Z"}
{"level":"info","message":"Listening on port 3000...","timestamp":"2018-02-14T19:52:26.344Z"}
{"level":"info","message":"Connected to mongodb://localhost/vidly_tests...","timestamp":"2018-02-14T19:52:26.392Z"}
{"level":"info","message":"Listening on port 3000...","timestamp":"2018-02-14T19:52:55.450Z"}
{"level":"info","message":"Connected to mongodb://localhost/vidly_tests...","timestamp":"2018-02-14T19:52:55.455Z"}
{"level":"info","message":"Listening on port 3000...","timestamp":"2018-02-14T19:52:55.677Z"}
{"level":"info","message":"Connected to mongodb://localhost/vidly_tests...","timestamp":"2018-02-14T19:52:55.743Z"}
{"level":"info","message":"Listening on port 3000...","timestamp":"2018-02-14T19:55:35.033Z"}
{"level":"info","message":"Connected to mongodb://localhost/vidly_tests...","timestamp":"2018-02-14T19:55:35.037Z"}
{"level":"info","message":"Listening on port 3000...","timestamp":"2018-02-14T19:55:35.285Z"}
{"level":"info","message":"Connected to mongodb://localhost/vidly_tests...","timestamp":"2018-02-14T19:55:35.362Z"}
{"level":"info","message":"Listening on port 3000...","timestamp":"2018-02-14T19:56:00.677Z"}
{"level":"info","message":"Connected to mongodb://localhost/vidly_tests...","timestamp":"2018-02-14T19:56:00.756Z"}
{"message":"Cast to ObjectId failed for value \"1\" at path \"_id\" for model \"Genre\"","stack":"CastError: Cast to ObjectId failed for value \"1\" at path \"_id\" for model \"Genre\"\n    at new CastError (/Users/moshfeghhamedani/Desktop/node-course/vidly/node_modules/mongoose/lib/error/cast.js:27:11)\n    at ObjectId.Object.<anonymous>.ObjectId.cast (/Users/moshfeghhamedani/Desktop/node-course/vidly/node_modules/mongoose/lib/schema/objectid.js:158:13)\n    at ObjectId.Object.<anonymous>.SchemaType.applySetters (/Users/moshfeghhamedani/Desktop/node-course/vidly/node_modules/mongoose/lib/schematype.js:701:12)\n    at ObjectId.Object.<anonymous>.SchemaType._castForQuery (/Users/moshfeghhamedani/Desktop/node-course/vidly/node_modules/mongoose/lib/schematype.js:1072:15)\n    at ObjectId.Object.<anonymous>.ObjectId.castForQuery (/Users/moshfeghhamedani/Desktop/node-course/vidly/node_modules/mongoose/lib/schema/objectid.js:198:15)\n    at ObjectId.Object.<anonymous>.SchemaType.castForQueryWrapper (/Users/moshfeghhamedani/Desktop/node-course/vidly/node_modules/mongoose/lib/schematype.js:1041:15)\n    at cast (/Users/moshfeghhamedani/Desktop/node-course/vidly/node_modules/mongoose/lib/cast.js:269:32)\n    at model.Query.Object.<anonymous>.Query.cast (/Users/moshfeghhamedani/Desktop/node-course/vidly/node_modules/mongoose/lib/query.js:3133:12)\n    at model.Query.Object.<anonymous>.Query._castConditions (/Users/moshfeghhamedani/Desktop/node-course/vidly/node_modules/mongoose/lib/query.js:1269:10)\n    at model.Query.Object.<anonymous>.Query._findOneAndRemove (/Users/moshfeghhamedani/Desktop/node-course/vidly/node_modules/mongoose/lib/query.js:2241:8)\n    at /Users/moshfeghhamedani/Desktop/node-course/vidly/node_modules/kareem/index.js:276:8\n    at /Users/moshfeghhamedani/Desktop/node-course/vidly/node_modules/kareem/index.js:23:7\n    at _combinedTickCallback (internal/process/next_tick.js:131:7)\n    at process._tickCallback (internal/process/next_tick.js:180:9)","name":"CastError","stringValue":"\"1\"","kind":"ObjectId","value":"1","path":"_id","level":"error","timestamp":"2018-02-14T19:56:00.816Z"}
{"level":"info","message":"Listening on port 3000...","timestamp":"2018-02-14T19:56:00.973Z"}
{"level":"info","message":"Connected to mongodb://localhost/vidly_tests...","timestamp":"2018-02-14T19:56:00.979Z"}
{"level":"info","message":"Listening on port 3000...","timestamp":"2018-02-14T19:56:31.752Z"}
{"level":"info","message":"Connected to mongodb://localhost/vidly_tests...","timestamp":"2018-02-14T19:56:31.756Z"}
{"message":"Cast to ObjectId failed for value \"1\" at path \"_id\" for model \"Genre\"","stack":"CastError: Cast to ObjectId failed for value \"1\" at path \"_id\" for model \"Genre\"\n    at new CastError (/Users/moshfeghhamedani/Desktop/node-course/vidly/node_modules/mongoose/lib/error/cast.js:27:11)\n    at ObjectId.Object.<anonymous>.ObjectId.cast (/Users/moshfeghhamedani/Desktop/node-course/vidly/node_modules/mongoose/lib/schema/objectid.js:158:13)\n    at ObjectId.Object.<anonymous>.SchemaType.applySetters (/Users/moshfeghhamedani/Desktop/node-course/vidly/node_modules/mongoose/lib/schematype.js:701:12)\n    at ObjectId.Object.<anonymous>.SchemaType._castForQuery (/Users/moshfeghhamedani/Desktop/node-course/vidly/node_modules/mongoose/lib/schematype.js:1072:15)\n    at ObjectId.Object.<anonymous>.ObjectId.castForQuery (/Users/moshfeghhamedani/Desktop/node-course/vidly/node_modules/mongoose/lib/schema/objectid.js:198:15)\n    at ObjectId.Object.<anonymous>.SchemaType.castForQueryWrapper (/Users/moshfeghhamedani/Desktop/node-course/vidly/node_modules/mongoose/lib/schematype.js:1041:15)\n    at cast (/Users/moshfeghhamedani/Desktop/node-course/vidly/node_modules/mongoose/lib/cast.js:269:32)\n    at model.Query.Object.<anonymous>.Query.cast (/Users/moshfeghhamedani/Desktop/node-course/vidly/node_modules/mongoose/lib/query.js:3133:12)\n    at model.Query.Object.<anonymous>.Query._castConditions (/Users/moshfeghhamedani/Desktop/node-course/vidly/node_modules/mongoose/lib/query.js:1269:10)\n    at model.Query.Object.<anonymous>.Query._findOneAndRemove (/Users/moshfeghhamedani/Desktop/node-course/vidly/node_modules/mongoose/lib/query.js:2241:8)\n    at /Users/moshfeghhamedani/Desktop/node-course/vidly/node_modules/kareem/index.js:276:8\n    at /Users/moshfeghhamedani/Desktop/node-course/vidly/node_modules/kareem/index.js:23:7\n    at _combinedTickCallback (internal/process/next_tick.js:131:7)\n    at process._tickCallback (internal/process/next_tick.js:180:9)","name":"CastError","stringValue":"\"1\"","kind":"ObjectId","value":"1","path":"_id","level":"error","timestamp":"2018-02-14T19:56:31.816Z"}
{"level":"info","message":"Listening on port 3000...","timestamp":"2018-02-14T19:56:31.976Z"}
{"level":"info","message":"Connected to mongodb://localhost/vidly_tests...","timestamp":"2018-02-14T19:56:31.983Z"}
{"level":"info","message":"Listening on port 3000...","timestamp":"2018-02-14T19:56:46.385Z"}
{"level":"info","message":"Connected to mongodb://localhost/vidly_tests...","timestamp":"2018-02-14T19:56:46.488Z"}
{"message":"Cast to ObjectId failed for value \"1\" at path \"_id\" for model \"Genre\"","stack":"CastError: Cast to ObjectId failed for value \"1\" at path \"_id\" for model \"Genre\"\n    at new CastError (/Users/moshfeghhamedani/Desktop/node-course/vidly/node_modules/mongoose/lib/error/cast.js:27:11)\n    at ObjectId.Object.<anonymous>.ObjectId.cast (/Users/moshfeghhamedani/Desktop/node-course/vidly/node_modules/mongoose/lib/schema/objectid.js:158:13)\n    at ObjectId.Object.<anonymous>.SchemaType.applySetters (/Users/moshfeghhamedani/Desktop/node-course/vidly/node_modules/mongoose/lib/schematype.js:701:12)\n    at ObjectId.Object.<anonymous>.SchemaType._castForQuery (/Users/moshfeghhamedani/Desktop/node-course/vidly/node_modules/mongoose/lib/schematype.js:1072:15)\n    at ObjectId.Object.<anonymous>.ObjectId.castForQuery (/Users/moshfeghhamedani/Desktop/node-course/vidly/node_modules/mongoose/lib/schema/objectid.js:198:15)\n    at ObjectId.Object.<anonymous>.SchemaType.castForQueryWrapper (/Users/moshfeghhamedani/Desktop/node-course/vidly/node_modules/mongoose/lib/schematype.js:1041:15)\n    at cast (/Users/moshfeghhamedani/Desktop/node-course/vidly/node_modules/mongoose/lib/cast.js:269:32)\n    at model.Query.Object.<anonymous>.Query.cast (/Users/moshfeghhamedani/Desktop/node-course/vidly/node_modules/mongoose/lib/query.js:3133:12)\n    at model.Query.Object.<anonymous>.Query._castConditions (/Users/moshfeghhamedani/Desktop/node-course/vidly/node_modules/mongoose/lib/query.js:1269:10)\n    at model.Query.Object.<anonymous>.Query._findOneAndRemove (/Users/moshfeghhamedani/Desktop/node-course/vidly/node_modules/mongoose/lib/query.js:2241:8)\n    at /Users/moshfeghhamedani/Desktop/node-course/vidly/node_modules/kareem/index.js:276:8\n    at /Users/moshfeghhamedani/Desktop/node-course/vidly/node_modules/kareem/index.js:23:7\n    at _combinedTickCallback (internal/process/next_tick.js:131:7)\n    at process._tickCallback (internal/process/next_tick.js:180:9)","name":"CastError","stringValue":"\"1\"","kind":"ObjectId","value":"1","path":"_id","level":"error","timestamp":"2018-02-14T19:56:46.548Z"}
{"level":"info","message":"Listening on port 3000...","timestamp":"2018-02-14T19:56:46.692Z"}
{"level":"info","message":"Connected to mongodb://localhost/vidly_tests...","timestamp":"2018-02-14T19:56:46.698Z"}
{"level":"info","message":"Listening on port 3000...","timestamp":"2018-02-14T19:57:31.717Z"}
{"level":"info","message":"Connected to mongodb://localhost/vidly_tests...","timestamp":"2018-02-14T19:57:31.722Z"}
{"level":"info","message":"Listening on port 3000...","timestamp":"2018-02-14T19:57:31.931Z"}
{"level":"info","message":"Connected to mongodb://localhost/vidly_tests...","timestamp":"2018-02-14T19:57:31.938Z"}
{"level":"info","message":"Listening on port 3000...","timestamp":"2018-02-14T19:58:20.530Z"}
{"level":"info","message":"Connected to mongodb://localhost/vidly_tests...","timestamp":"2018-02-14T19:58:20.534Z"}
{"level":"info","message":"Listening on port 3000...","timestamp":"2018-02-14T19:58:20.747Z"}
{"level":"info","message":"Connected to mongodb://localhost/vidly_tests...","timestamp":"2018-02-14T19:58:20.753Z"}
{"level":"info","message":"Listening on port 3000...","timestamp":"2018-02-14T19:58:27.180Z"}
{"level":"info","message":"Connected to mongodb://localhost/vidly_tests...","timestamp":"2018-02-14T19:58:27.184Z"}
{"level":"info","message":"Listening on port 3000...","timestamp":"2018-02-14T19:58:27.537Z"}
{"level":"info","message":"Connected to mongodb://localhost/vidly_tests...","timestamp":"2018-02-14T19:58:27.549Z"}
{"level":"info","message":"Listening on port 3000...","timestamp":"2018-02-14T19:58:39.049Z"}
{"level":"info","message":"Connected to mongodb://localhost/vidly_tests...","timestamp":"2018-02-14T19:58:39.054Z"}
{"level":"info","message":"Listening on port 3000...","timestamp":"2018-02-14T19:58:39.250Z"}
{"level":"info","message":"Connected to mongodb://localhost/vidly_tests...","timestamp":"2018-02-14T19:58:39.419Z"}
{"level":"info","message":"Listening on port 3000...","timestamp":"2018-02-14T19:59:07.432Z"}
{"level":"info","message":"Connected to mongodb://localhost/vidly_tests...","timestamp":"2018-02-14T19:59:07.470Z"}
{"level":"info","message":"Listening on port 3000...","timestamp":"2018-02-14T19:59:07.660Z"}
{"level":"info","message":"Connected to mongodb://localhost/vidly_tests...","timestamp":"2018-02-14T19:59:07.713Z"}
{"level":"info","message":"Listening on port 3000...","timestamp":"2018-02-14T20:01:10.699Z"}
{"level":"info","message":"Connected to mongodb://localhost/vidly_tests...","timestamp":"2018-02-14T20:01:10.732Z"}
{"level":"info","message":"Listening on port 3000...","timestamp":"2018-02-14T20:01:11.091Z"}
{"level":"info","message":"Connected to mongodb://localhost/vidly_tests...","timestamp":"2018-02-14T20:01:11.139Z"}
{"message":"Cast to ObjectId failed for value \"1\" at path \"_id\" for model \"Genre\"","stack":"CastError: Cast to ObjectId failed for value \"1\" at path \"_id\" for model \"Genre\"\n    at new CastError (/Users/moshfeghhamedani/Desktop/node-course/vidly/node_modules/mongoose/lib/error/cast.js:27:11)\n    at ObjectId.Object.<anonymous>.ObjectId.cast (/Users/moshfeghhamedani/Desktop/node-course/vidly/node_modules/mongoose/lib/schema/objectid.js:158:13)\n    at ObjectId.Object.<anonymous>.SchemaType.applySetters (/Users/moshfeghhamedani/Desktop/node-course/vidly/node_modules/mongoose/lib/schematype.js:701:12)\n    at ObjectId.Object.<anonymous>.SchemaType._castForQuery (/Users/moshfeghhamedani/Desktop/node-course/vidly/node_modules/mongoose/lib/schematype.js:1072:15)\n    at ObjectId.Object.<anonymous>.ObjectId.castForQuery (/Users/moshfeghhamedani/Desktop/node-course/vidly/node_modules/mongoose/lib/schema/objectid.js:198:15)\n    at ObjectId.Object.<anonymous>.SchemaType.castForQueryWrapper (/Users/moshfeghhamedani/Desktop/node-course/vidly/node_modules/mongoose/lib/schematype.js:1041:15)\n    at cast (/Users/moshfeghhamedani/Desktop/node-course/vidly/node_modules/mongoose/lib/cast.js:269:32)\n    at model.Query.Object.<anonymous>.Query.cast (/Users/moshfeghhamedani/Desktop/node-course/vidly/node_modules/mongoose/lib/query.js:3133:12)\n    at model.Query.Object.<anonymous>.Query._castConditions (/Users/moshfeghhamedani/Desktop/node-course/vidly/node_modules/mongoose/lib/query.js:1269:10)\n    at model.Query.Object.<anonymous>.Query._findOneAndUpdate (/Users/moshfeghhamedani/Desktop/node-course/vidly/node_modules/mongoose/lib/query.js:2146:8)\n    at /Users/moshfeghhamedani/Desktop/node-course/vidly/node_modules/kareem/index.js:276:8\n    at /Users/moshfeghhamedani/Desktop/node-course/vidly/node_modules/kareem/index.js:23:7\n    at _combinedTickCallback (internal/process/next_tick.js:131:7)\n    at process._tickCallback (internal/process/next_tick.js:180:9)","name":"CastError","stringValue":"\"1\"","kind":"ObjectId","value":"1","path":"_id","level":"error","timestamp":"2018-02-14T20:01:11.190Z"}
{"level":"info","message":"Listening on port 3000...","timestamp":"2018-02-14T20:01:26.742Z"}
{"level":"info","message":"Connected to mongodb://localhost/vidly_tests...","timestamp":"2018-02-14T20:01:26.747Z"}
{"level":"info","message":"Listening on port 3000...","timestamp":"2018-02-14T20:01:26.956Z"}
{"level":"info","message":"Connected to mongodb://localhost/vidly_tests...","timestamp":"2018-02-14T20:01:27.027Z"}
{"level":"info","message":"Listening on port 3000...","timestamp":"2018-02-14T20:02:04.272Z"}
{"level":"info","message":"Connected to mongodb://localhost/vidly_tests...","timestamp":"2018-02-14T20:02:04.299Z"}
{"level":"info","message":"Listening on port 3000...","timestamp":"2018-02-14T20:02:04.579Z"}
{"level":"info","message":"Connected to mongodb://localhost/vidly_tests...","timestamp":"2018-02-14T20:02:04.630Z"}
{"level":"info","message":"Listening on port 3000...","timestamp":"2019-02-19T18:47:34.422Z"}
{"level":"info","message":"Listening on port 3000...","timestamp":"2019-02-19T18:48:22.496Z"}
{"level":"info","message":"Connected to mongodb://localhost/vidly...","timestamp":"2019-02-19T18:48:23.525Z"}
{"level":"info","message":"Listening on port 3000...","timestamp":"2019-02-19T18:51:10.603Z"}
{"level":"info","message":"Listening on port 3000...","timestamp":"2019-02-19T18:51:10.702Z"}
{"level":"info","message":"Connected to mongodb://localhost/vidly_tests...","timestamp":"2019-02-19T18:51:11.664Z"}
{"level":"info","message":"Connected to mongodb://localhost/vidly_tests...","timestamp":"2019-02-19T18:51:11.973Z"}
{"level":"info","message":"Listening on port 3000...","timestamp":"2019-02-19T21:24:55.222Z"}
{"level":"info","message":"Listening on port 3000...","timestamp":"2019-02-19T21:24:55.304Z"}
{"level":"info","message":"Connected to mongodb://localhost/vidly_tests...","timestamp":"2019-02-19T21:24:56.576Z"}
{"level":"info","message":"Connected to mongodb://localhost/vidly_tests...","timestamp":"2019-02-19T21:24:56.591Z"}
{"level":"info","message":"Listening on port 3000...","timestamp":"2019-02-19T21:25:12.039Z"}
{"level":"info","message":"Listening on port 3000...","timestamp":"2019-02-19T21:25:12.076Z"}
{"level":"info","message":"Connected to mongodb://localhost/vidly_tests...","timestamp":"2019-02-19T21:25:13.293Z"}
{"level":"info","message":"Connected to mongodb://localhost/vidly_tests...","timestamp":"2019-02-19T21:25:13.298Z"}
{"level":"info","message":"Listening on port 3000...","timestamp":"2019-02-19T21:25:25.250Z"}
{"level":"info","message":"Listening on port 3000...","timestamp":"2019-02-19T21:25:25.370Z"}
{"level":"info","message":"Connected to mongodb://localhost/vidly_tests...","timestamp":"2019-02-19T21:25:26.318Z"}
{"level":"info","message":"Connected to mongodb://localhost/vidly_tests...","timestamp":"2019-02-19T21:25:26.786Z"}
{"level":"info","message":"Listening on port 3000...","timestamp":"2019-02-19T21:25:36.538Z"}
{"level":"info","message":"Listening on port 3000...","timestamp":"2019-02-19T21:25:36.774Z"}
{"level":"info","message":"Connected to mongodb://localhost/vidly_tests...","timestamp":"2019-02-19T21:25:37.674Z"}
{"level":"info","message":"Connected to mongodb://localhost/vidly_tests...","timestamp":"2019-02-19T21:25:37.847Z"}
{"level":"info","message":"Listening on port 3000...","timestamp":"2019-02-19T21:25:45.848Z"}
{"level":"info","message":"Listening on port 3000...","timestamp":"2019-02-19T21:25:45.958Z"}
{"level":"info","message":"Connected to mongodb://localhost/vidly_tests...","timestamp":"2019-02-19T21:25:46.870Z"}
{"level":"info","message":"Connected to mongodb://localhost/vidly_tests...","timestamp":"2019-02-19T21:25:47.018Z"}
{"level":"info","message":"Listening on port 3000...","timestamp":"2019-02-19T21:25:55.207Z"}
{"level":"info","message":"Listening on port 3000...","timestamp":"2019-02-19T21:25:55.290Z"}
{"level":"info","message":"Connected to mongodb://localhost/vidly_tests...","timestamp":"2019-02-19T21:25:56.412Z"}
{"level":"info","message":"Connected to mongodb://localhost/vidly_tests...","timestamp":"2019-02-19T21:25:56.610Z"}
{"level":"info","message":"Listening on port 3000...","timestamp":"2019-02-19T21:26:04.811Z"}
{"level":"info","message":"Listening on port 3000...","timestamp":"2019-02-19T21:26:04.885Z"}
{"level":"info","message":"Connected to mongodb://localhost/vidly_tests...","timestamp":"2019-02-19T21:26:05.867Z"}
{"level":"info","message":"Connected to mongodb://localhost/vidly_tests...","timestamp":"2019-02-19T21:26:05.973Z"}
{"level":"info","message":"Listening on port 3000...","timestamp":"2019-02-19T21:26:22.261Z"}
{"level":"info","message":"Listening on port 3000...","timestamp":"2019-02-19T21:26:22.322Z"}
{"level":"info","message":"Connected to mongodb://localhost/vidly_tests...","timestamp":"2019-02-19T21:26:23.300Z"}
{"level":"info","message":"Connected to mongodb://localhost/vidly_tests...","timestamp":"2019-02-19T21:26:23.398Z"}
{"level":"info","message":"Listening on port 3000...","timestamp":"2019-02-19T21:27:59.035Z"}
{"level":"info","message":"Listening on port 3000...","timestamp":"2019-02-19T21:27:59.293Z"}
{"level":"info","message":"Connected to mongodb://localhost/vidly_tests...","timestamp":"2019-02-19T21:28:00.240Z"}
{"level":"info","message":"Connected to mongodb://localhost/vidly_tests...","timestamp":"2019-02-19T21:28:00.430Z"}
{"level":"info","message":"Listening on port 3000...","timestamp":"2019-02-19T21:30:19.576Z"}
{"level":"info","message":"Listening on port 3000...","timestamp":"2019-02-19T21:30:20.127Z"}
{"level":"info","message":"Connected to mongodb://localhost/vidly_tests...","timestamp":"2019-02-19T21:30:20.888Z"}
{"level":"info","message":"Connected to mongodb://localhost/vidly_tests...","timestamp":"2019-02-19T21:30:21.471Z"}
{"level":"info","message":"Listening on port 3000...","timestamp":"2019-02-19T21:31:40.893Z"}
{"level":"info","message":"Listening on port 3000...","timestamp":"2019-02-19T21:31:41.173Z"}
{"level":"info","message":"Connected to mongodb://localhost/vidly_tests...","timestamp":"2019-02-19T21:31:42.179Z"}
{"level":"info","message":"Connected to mongodb://localhost/vidly_tests...","timestamp":"2019-02-19T21:31:42.386Z"}
{"level":"info","message":"Listening on port 3000...","timestamp":"2019-02-19T21:32:23.614Z"}
{"level":"info","message":"Listening on port 3000...","timestamp":"2019-02-19T21:32:23.712Z"}
{"level":"info","message":"Connected to mongodb://localhost/vidly_tests...","timestamp":"2019-02-19T21:32:24.690Z"}
{"level":"info","message":"Connected to mongodb://localhost/vidly_tests...","timestamp":"2019-02-19T21:32:24.779Z"}
{"level":"info","message":"Listening on port 3000...","timestamp":"2019-02-19T21:33:43.566Z"}
{"level":"info","message":"Listening on port 3000...","timestamp":"2019-02-19T21:33:43.645Z"}
{"level":"info","message":"Connected to mongodb://localhost/vidly_tests...","timestamp":"2019-02-19T21:33:44.773Z"}
{"level":"info","message":"Connected to mongodb://localhost/vidly_tests...","timestamp":"2019-02-19T21:33:44.775Z"}
{"level":"info","message":"Listening on port 3000...","timestamp":"2019-02-19T21:33:52.719Z"}
{"level":"info","message":"Listening on port 3000...","timestamp":"2019-02-19T21:33:52.961Z"}
{"level":"info","message":"Connected to mongodb://localhost/vidly_tests...","timestamp":"2019-02-19T21:33:54.047Z"}
{"level":"info","message":"Connected to mongodb://localhost/vidly_tests...","timestamp":"2019-02-19T21:33:54.222Z"}
{"level":"info","message":"Listening on port 3000...","timestamp":"2019-02-19T21:34:45.809Z"}
{"level":"info","message":"Listening on port 3000...","timestamp":"2019-02-19T21:34:46.369Z"}
{"level":"info","message":"Connected to mongodb://localhost/vidly_tests...","timestamp":"2019-02-19T21:34:47.165Z"}
{"level":"info","message":"Connected to mongodb://localhost/vidly_tests...","timestamp":"2019-02-19T21:34:47.753Z"}
{"level":"info","message":"Listening on port 3000...","timestamp":"2019-02-19T21:35:02.114Z"}
{"level":"info","message":"Listening on port 3000...","timestamp":"2019-02-19T21:35:02.192Z"}
{"level":"info","message":"Connected to mongodb://localhost/vidly_tests...","timestamp":"2019-02-19T21:35:03.432Z"}
{"level":"info","message":"Connected to mongodb://localhost/vidly_tests...","timestamp":"2019-02-19T21:35:03.480Z"}
{"level":"info","message":"Listening on port 3000...","timestamp":"2019-02-19T21:35:18.875Z"}
{"level":"info","message":"Listening on port 3000...","timestamp":"2019-02-19T21:35:18.771Z"}
{"level":"info","message":"Connected to mongodb://localhost/vidly_tests...","timestamp":"2019-02-19T21:35:19.954Z"}
{"level":"info","message":"Connected to mongodb://localhost/vidly_tests...","timestamp":"2019-02-19T21:35:20.065Z"}
{"level":"info","message":"Listening on port 3000...","timestamp":"2019-02-19T21:35:48.260Z"}
{"level":"info","message":"Listening on port 3000...","timestamp":"2019-02-19T21:35:48.323Z"}
{"level":"info","message":"Connected to mongodb://localhost/vidly_tests...","timestamp":"2019-02-19T21:35:49.392Z"}
{"level":"info","message":"Connected to mongodb://localhost/vidly_tests...","timestamp":"2019-02-19T21:35:49.511Z"}
{"level":"info","message":"Listening on port 3000...","timestamp":"2019-02-19T21:36:03.674Z"}
{"level":"info","message":"Listening on port 3000...","timestamp":"2019-02-19T21:36:03.829Z"}
{"level":"info","message":"Connected to mongodb://localhost/vidly_tests...","timestamp":"2019-02-19T21:36:04.812Z"}
{"level":"info","message":"Connected to mongodb://localhost/vidly_tests...","timestamp":"2019-02-19T21:36:05.010Z"}
{"level":"info","message":"Listening on port 3000...","timestamp":"2019-02-19T21:36:17.944Z"}
{"level":"info","message":"Listening on port 3000...","timestamp":"2019-02-19T21:36:18.025Z"}
{"level":"info","message":"Connected to mongodb://localhost/vidly_tests...","timestamp":"2019-02-19T21:36:19.144Z"}
{"level":"info","message":"Connected to mongodb://localhost/vidly_tests...","timestamp":"2019-02-19T21:36:19.324Z"}
{"level":"info","message":"Listening on port 3000...","timestamp":"2019-02-19T21:36:32.390Z"}
{"level":"info","message":"Listening on port 3000...","timestamp":"2019-02-19T21:36:32.613Z"}
{"level":"info","message":"Connected to mongodb://localhost/vidly_tests...","timestamp":"2019-02-19T21:36:33.809Z"}
{"level":"info","message":"Connected to mongodb://localhost/vidly_tests...","timestamp":"2019-02-19T21:36:34.004Z"}
{"level":"info","message":"Listening on port 3000...","timestamp":"2019-02-19T21:36:49.767Z"}
{"level":"info","message":"Listening on port 3000...","timestamp":"2019-02-19T21:36:49.879Z"}
{"level":"info","message":"Connected to mongodb://localhost/vidly_tests...","timestamp":"2019-02-19T21:36:50.845Z"}
{"level":"info","message":"Connected to mongodb://localhost/vidly_tests...","timestamp":"2019-02-19T21:36:51.242Z"}
{"level":"info","message":"Listening on port 3000...","timestamp":"2019-02-19T21:37:04.740Z"}
{"level":"info","message":"Listening on port 3000...","timestamp":"2019-02-19T21:37:04.672Z"}
{"level":"info","message":"Connected to mongodb://localhost/vidly_tests...","timestamp":"2019-02-19T21:37:06.050Z"}
{"level":"info","message":"Connected to mongodb://localhost/vidly_tests...","timestamp":"2019-02-19T21:37:06.054Z"}
{"level":"info","message":"Listening on port 3000...","timestamp":"2019-02-19T21:37:20.556Z"}
{"level":"info","message":"Listening on port 3000...","timestamp":"2019-02-19T21:37:20.865Z"}
{"level":"info","message":"Connected to mongodb://localhost/vidly_tests...","timestamp":"2019-02-19T21:37:21.810Z"}
{"level":"info","message":"Connected to mongodb://localhost/vidly_tests...","timestamp":"2019-02-19T21:37:22.100Z"}
{"level":"info","message":"Listening on port 3000...","timestamp":"2019-02-19T21:37:42.619Z"}
{"level":"info","message":"Listening on port 3000...","timestamp":"2019-02-19T21:37:42.633Z"}
{"level":"info","message":"Connected to mongodb://localhost/vidly_tests...","timestamp":"2019-02-19T21:37:43.885Z"}
{"level":"info","message":"Connected to mongodb://localhost/vidly_tests...","timestamp":"2019-02-19T21:37:43.909Z"}
{"level":"info","message":"Listening on port 3000...","timestamp":"2019-02-19T21:37:58.776Z"}
{"level":"info","message":"Listening on port 3000...","timestamp":"2019-02-19T21:37:58.626Z"}
{"level":"info","message":"Connected to mongodb://localhost/vidly_tests...","timestamp":"2019-02-19T21:37:59.837Z"}
{"level":"info","message":"Connected to mongodb://localhost/vidly_tests...","timestamp":"2019-02-19T21:38:00.097Z"}
{"level":"info","message":"Listening on port 3000...","timestamp":"2019-02-19T21:38:13.097Z"}
{"level":"info","message":"Listening on port 3000...","timestamp":"2019-02-19T21:38:13.193Z"}
{"level":"info","message":"Connected to mongodb://localhost/vidly_tests...","timestamp":"2019-02-19T21:38:14.231Z"}
{"level":"info","message":"Connected to mongodb://localhost/vidly_tests...","timestamp":"2019-02-19T21:38:14.392Z"}
{"level":"info","message":"Listening on port 3000...","timestamp":"2019-02-19T21:38:27.894Z"}
{"level":"info","message":"Listening on port 3000...","timestamp":"2019-02-19T21:38:27.973Z"}
{"level":"info","message":"Connected to mongodb://localhost/vidly_tests...","timestamp":"2019-02-19T21:38:29.153Z"}
{"level":"info","message":"Connected to mongodb://localhost/vidly_tests...","timestamp":"2019-02-19T21:38:29.170Z"}
{"level":"info","message":"Listening on port 3000...","timestamp":"2019-02-19T21:38:41.150Z"}
{"level":"info","message":"Listening on port 3000...","timestamp":"2019-02-19T21:38:41.269Z"}
{"level":"info","message":"Connected to mongodb://localhost/vidly_tests...","timestamp":"2019-02-19T21:38:42.247Z"}
{"level":"info","message":"Connected to mongodb://localhost/vidly_tests...","timestamp":"2019-02-19T21:38:42.448Z"}
{"level":"info","message":"Listening on port 3000...","timestamp":"2019-02-19T21:39:05.965Z"}
{"level":"info","message":"Listening on port 3000...","timestamp":"2019-02-19T21:39:06.186Z"}
{"level":"info","message":"Connected to mongodb://localhost/vidly_tests...","timestamp":"2019-02-19T21:39:07.231Z"}
{"level":"info","message":"Connected to mongodb://localhost/vidly_tests...","timestamp":"2019-02-19T21:39:07.672Z"}
{"level":"info","message":"Listening on port 3000...","timestamp":"2019-02-19T21:39:20.635Z"}
{"level":"info","message":"Listening on port 3000...","timestamp":"2019-02-19T21:39:21.019Z"}
{"level":"info","message":"Connected to mongodb://localhost/vidly_tests...","timestamp":"2019-02-19T21:39:22.024Z"}
{"level":"info","message":"Connected to mongodb://localhost/vidly_tests...","timestamp":"2019-02-19T21:39:22.364Z"}
{"level":"info","message":"Listening on port 3000...","timestamp":"2019-02-19T21:39:35.585Z"}
{"level":"info","message":"Listening on port 3000...","timestamp":"2019-02-19T21:39:36.216Z"}
{"level":"info","message":"Connected to mongodb://localhost/vidly_tests...","timestamp":"2019-02-19T21:39:36.800Z"}
{"level":"info","message":"Connected to mongodb://localhost/vidly_tests...","timestamp":"2019-02-19T21:39:37.525Z"}
{"level":"info","message":"Listening on port 3000...","timestamp":"2019-02-19T21:39:52.293Z"}
{"level":"info","message":"Listening on port 3000...","timestamp":"2019-02-19T21:39:52.406Z"}
{"level":"info","message":"Connected to mongodb://localhost/vidly_tests...","timestamp":"2019-02-19T21:39:53.577Z"}
{"level":"info","message":"Connected to mongodb://localhost/vidly_tests...","timestamp":"2019-02-19T21:39:53.780Z"}
{"level":"info","message":"Listening on port 3000...","timestamp":"2019-02-19T21:40:10.209Z"}
{"level":"info","message":"Listening on port 3000...","timestamp":"2019-02-19T21:40:10.263Z"}
{"level":"info","message":"Connected to mongodb://localhost/vidly_tests...","timestamp":"2019-02-19T21:40:11.435Z"}
{"level":"info","message":"Connected to mongodb://localhost/vidly_tests...","timestamp":"2019-02-19T21:40:11.549Z"}
{"level":"info","message":"Listening on port 3000...","timestamp":"2019-02-19T21:40:23.489Z"}
{"level":"info","message":"Listening on port 3000...","timestamp":"2019-02-19T21:40:23.519Z"}
{"level":"info","message":"Connected to mongodb://localhost/vidly_tests...","timestamp":"2019-02-19T21:40:24.805Z"}
{"level":"info","message":"Connected to mongodb://localhost/vidly_tests...","timestamp":"2019-02-19T21:40:24.827Z"}
{"level":"info","message":"Listening on port 3000...","timestamp":"2019-02-19T21:40:37.892Z"}
{"level":"info","message":"Listening on port 3000...","timestamp":"2019-02-19T21:40:38.061Z"}
{"level":"info","message":"Connected to mongodb://localhost/vidly_tests...","timestamp":"2019-02-19T21:40:39.241Z"}
{"level":"info","message":"Connected to mongodb://localhost/vidly_tests...","timestamp":"2019-02-19T21:40:39.438Z"}
{"level":"info","message":"Listening on port 3000...","timestamp":"2019-02-19T21:40:53.920Z"}
{"level":"info","message":"Listening on port 3000...","timestamp":"2019-02-19T21:40:54.108Z"}
{"level":"info","message":"Connected to mongodb://localhost/vidly_tests...","timestamp":"2019-02-19T21:40:55.066Z"}
{"level":"info","message":"Connected to mongodb://localhost/vidly_tests...","timestamp":"2019-02-19T21:40:55.237Z"}
{"level":"info","message":"Listening on port 3000...","timestamp":"2019-02-19T21:41:09.293Z"}
{"level":"info","message":"Listening on port 3000...","timestamp":"2019-02-19T21:41:09.337Z"}
{"level":"info","message":"Connected to mongodb://localhost/vidly_tests...","timestamp":"2019-02-19T21:41:10.432Z"}
{"level":"info","message":"Connected to mongodb://localhost/vidly_tests...","timestamp":"2019-02-19T21:41:10.547Z"}
{"level":"info","message":"Listening on port 3000...","timestamp":"2019-02-19T21:41:23.813Z"}
{"level":"info","message":"Listening on port 3000...","timestamp":"2019-02-19T21:41:24.435Z"}
{"level":"info","message":"Connected to mongodb://localhost/vidly_tests...","timestamp":"2019-02-19T21:41:25.075Z"}
{"level":"info","message":"Connected to mongodb://localhost/vidly_tests...","timestamp":"2019-02-19T21:41:25.849Z"}
{"level":"info","message":"Listening on port 3000...","timestamp":"2019-02-19T21:41:41.374Z"}
{"level":"info","message":"Listening on port 3000...","timestamp":"2019-02-19T21:41:41.462Z"}
{"level":"info","message":"Connected to mongodb://localhost/vidly_tests...","timestamp":"2019-02-19T21:41:42.579Z"}
{"level":"info","message":"Connected to mongodb://localhost/vidly_tests...","timestamp":"2019-02-19T21:41:43.156Z"}
{"level":"info","message":"Listening on port 3000...","timestamp":"2019-02-19T21:41:54.790Z"}
{"level":"info","message":"Listening on port 3000...","timestamp":"2019-02-19T21:41:54.818Z"}
{"level":"info","message":"Connected to mongodb://localhost/vidly_tests...","timestamp":"2019-02-19T21:41:55.950Z"}
{"level":"info","message":"Connected to mongodb://localhost/vidly_tests...","timestamp":"2019-02-19T21:41:55.958Z"}
{"level":"info","message":"Listening on port 3000...","timestamp":"2019-02-19T21:42:11.556Z"}
{"level":"info","message":"Listening on port 3000...","timestamp":"2019-02-19T21:42:11.596Z"}
{"level":"info","message":"Connected to mongodb://localhost/vidly_tests...","timestamp":"2019-02-19T21:42:12.652Z"}
{"level":"info","message":"Connected to mongodb://localhost/vidly_tests...","timestamp":"2019-02-19T21:42:13.035Z"}
{"level":"info","message":"Listening on port 3000...","timestamp":"2019-02-19T21:42:28.888Z"}
{"level":"info","message":"Listening on port 3000...","timestamp":"2019-02-19T21:42:28.974Z"}
{"level":"info","message":"Connected to mongodb://localhost/vidly_tests...","timestamp":"2019-02-19T21:42:30.464Z"}
{"level":"info","message":"Connected to mongodb://localhost/vidly_tests...","timestamp":"2019-02-19T21:42:30.464Z"}
{"level":"info","message":"Listening on port 3000...","timestamp":"2019-02-19T21:42:45.392Z"}
{"level":"info","message":"Listening on port 3000...","timestamp":"2019-02-19T21:42:45.514Z"}
{"level":"info","message":"Connected to mongodb://localhost/vidly_tests...","timestamp":"2019-02-19T21:42:46.825Z"}
{"level":"info","message":"Connected to mongodb://localhost/vidly_tests...","timestamp":"2019-02-19T21:42:46.842Z"}
{"level":"info","message":"Listening on port 3000...","timestamp":"2019-02-19T21:43:00.762Z"}
{"level":"info","message":"Listening on port 3000...","timestamp":"2019-02-19T21:43:01.054Z"}
{"level":"info","message":"Connected to mongodb://localhost/vidly_tests...","timestamp":"2019-02-19T21:43:01.856Z"}
{"level":"info","message":"Connected to mongodb://localhost/vidly_tests...","timestamp":"2019-02-19T21:43:02.261Z"}
{"level":"info","message":"Listening on port 3000...","timestamp":"2019-02-19T21:43:17.503Z"}
{"level":"info","message":"Listening on port 3000...","timestamp":"2019-02-19T21:43:17.681Z"}
{"level":"info","message":"Connected to mongodb://localhost/vidly_tests...","timestamp":"2019-02-19T21:43:18.720Z"}
{"level":"info","message":"Connected to mongodb://localhost/vidly_tests...","timestamp":"2019-02-19T21:43:18.836Z"}
{"level":"info","message":"Listening on port 3000...","timestamp":"2019-02-19T21:43:33.451Z"}
{"level":"info","message":"Listening on port 3000...","timestamp":"2019-02-19T21:43:33.355Z"}
{"level":"info","message":"Connected to mongodb://localhost/vidly_tests...","timestamp":"2019-02-19T21:43:34.721Z"}
{"level":"info","message":"Connected to mongodb://localhost/vidly_tests...","timestamp":"2019-02-19T21:43:34.757Z"}
{"level":"info","message":"Listening on port 3000...","timestamp":"2019-02-19T21:43:48.930Z"}
{"level":"info","message":"Listening on port 3000...","timestamp":"2019-02-19T21:43:48.998Z"}
{"level":"info","message":"Connected to mongodb://localhost/vidly_tests...","timestamp":"2019-02-19T21:43:50.127Z"}
{"level":"info","message":"Connected to mongodb://localhost/vidly_tests...","timestamp":"2019-02-19T21:43:50.225Z"}
{"level":"info","message":"Listening on port 3000...","timestamp":"2019-02-19T21:44:21.005Z"}
{"level":"info","message":"Listening on port 3000...","timestamp":"2019-02-19T21:44:21.473Z"}
{"level":"info","message":"Connected to mongodb://localhost/vidly_tests...","timestamp":"2019-02-19T21:44:22.174Z"}
{"level":"info","message":"Connected to mongodb://localhost/vidly_tests...","timestamp":"2019-02-19T21:44:22.757Z"}
{"level":"info","message":"Listening on port 3000...","timestamp":"2019-02-19T21:44:36.014Z"}
{"level":"info","message":"Listening on port 3000...","timestamp":"2019-02-19T21:44:36.121Z"}
{"level":"info","message":"Connected to mongodb://localhost/vidly_tests...","timestamp":"2019-02-19T21:44:37.173Z"}
{"level":"info","message":"Connected to mongodb://localhost/vidly_tests...","timestamp":"2019-02-19T21:44:37.451Z"}
{"level":"info","message":"Listening on port 3000...","timestamp":"2019-02-19T21:44:53.330Z"}
{"level":"info","message":"Listening on port 3000...","timestamp":"2019-02-19T21:44:53.393Z"}
{"level":"info","message":"Connected to mongodb://localhost/vidly_tests...","timestamp":"2019-02-19T21:44:54.516Z"}
{"level":"info","message":"Connected to mongodb://localhost/vidly_tests...","timestamp":"2019-02-19T21:44:54.595Z"}
{"level":"info","message":"Listening on port 3000...","timestamp":"2019-02-19T21:45:07.689Z"}
{"level":"info","message":"Listening on port 3000...","timestamp":"2019-02-19T21:45:07.797Z"}
{"level":"info","message":"Connected to mongodb://localhost/vidly_tests...","timestamp":"2019-02-19T21:45:08.994Z"}
{"level":"info","message":"Connected to mongodb://localhost/vidly_tests...","timestamp":"2019-02-19T21:45:09.064Z"}
{"level":"info","message":"Listening on port 3000...","timestamp":"2019-02-19T21:45:19.375Z"}
{"level":"info","message":"Listening on port 3000...","timestamp":"2019-02-19T21:45:19.429Z"}
{"level":"info","message":"Connected to mongodb://localhost/vidly_tests...","timestamp":"2019-02-19T21:45:20.566Z"}
{"level":"info","message":"Connected to mongodb://localhost/vidly_tests...","timestamp":"2019-02-19T21:45:20.574Z"}
{"level":"info","message":"Listening on port 3000...","timestamp":"2019-02-19T21:45:38.818Z"}
{"level":"info","message":"Listening on port 3000...","timestamp":"2019-02-19T21:45:39.353Z"}
{"level":"info","message":"Connected to mongodb://localhost/vidly_tests...","timestamp":"2019-02-19T21:45:40.031Z"}
{"level":"info","message":"Connected to mongodb://localhost/vidly_tests...","timestamp":"2019-02-19T21:45:40.719Z"}
{"level":"info","message":"Listening on port 3000...","timestamp":"2019-02-19T21:45:56.041Z"}
{"level":"info","message":"Listening on port 3000...","timestamp":"2019-02-19T21:45:56.224Z"}
{"level":"info","message":"Connected to mongodb://localhost/vidly_tests...","timestamp":"2019-02-19T21:45:57.386Z"}
{"level":"info","message":"Connected to mongodb://localhost/vidly_tests...","timestamp":"2019-02-19T21:45:57.575Z"}
{"level":"info","message":"Listening on port 3000...","timestamp":"2019-02-19T22:01:19.640Z"}
{"level":"info","message":"Listening on port 3000...","timestamp":"2019-02-19T22:01:19.670Z"}
{"level":"info","message":"Connected to mongodb://localhost/vidly_tests...","timestamp":"2019-02-19T22:01:20.703Z"}
{"level":"info","message":"Connected to mongodb://localhost/vidly_tests...","timestamp":"2019-02-19T22:01:20.902Z"}
{"level":"info","message":"Listening on port 3000...","timestamp":"2019-02-19T22:15:55.103Z"}
{"level":"info","message":"Listening on port 3000...","timestamp":"2019-02-19T22:15:55.191Z"}
{"level":"info","message":"Connected to mongodb://localhost/vidly_tests...","timestamp":"2019-02-19T22:15:56.144Z"}
{"level":"info","message":"Connected to mongodb://localhost/vidly_tests...","timestamp":"2019-02-19T22:15:56.436Z"}
{"level":"info","message":"Listening on port 3000...","timestamp":"2019-02-19T22:21:07.253Z"}
{"level":"info","message":"Listening on port 3000...","timestamp":"2019-02-19T22:21:07.461Z"}
{"level":"info","message":"Connected to mongodb://localhost/vidly_tests...","timestamp":"2019-02-19T22:21:08.520Z"}
{"level":"info","message":"Connected to mongodb://localhost/vidly_tests...","timestamp":"2019-02-19T22:21:08.744Z"}
{"level":"info","message":"Listening on port 3000...","timestamp":"2019-02-19T22:39:10.062Z"}
{"level":"info","message":"Listening on port 3000...","timestamp":"2019-02-19T22:39:10.126Z"}
{"level":"info","message":"Connected to mongodb://localhost/vidly_tests...","timestamp":"2019-02-19T22:39:11.456Z"}
{"level":"info","message":"Connected to mongodb://localhost/vidly_tests...","timestamp":"2019-02-19T22:39:11.461Z"}
